<?xml version="1.0" encoding="UTF-8"?>
<coverage generated="1786542815682" clover="3.2.0">
  <project timestamp="1786542815682" name="All files">
    <metrics statements="44" coveredstatements="44" conditionals="28" coveredconditionals="26" methods="13" coveredmethods="13" elements="85" coveredelements="83" complexity="0" loc="44" ncloc="44" packages="1" files="2" classes="2"/>
    <file name="index.ts" path="/Users/gatto/Developer/scaccogatto/smooth-vuebar/src/index.ts">
      <metrics statements="34" coveredstatements="34" conditionals="26" coveredconditionals="24" methods="8" coveredmethods="8"/>
      <line num="17" count="19" type="cond" truecount="2" falsecount="0"/>
      <line num="19" count="1" type="stmt"/>
      <line num="24" count="14" type="cond" truecount="2" falsecount="0"/>
      <line num="25" count="14" type="stmt"/>
      <line num="26" count="14" type="stmt"/>
      <line num="28" count="14" type="stmt"/>
      <line num="29" count="14" type="cond" truecount="2" falsecount="0"/>
      <line num="31" count="14" type="stmt"/>
      <line num="34" count="1" type="stmt"/>
      <line num="36" count="15" type="stmt"/>
      <line num="38" count="14" type="stmt"/>
      <line num="42" count="14" type="cond" truecount="2" falsecount="0"/>
      <line num="44" count="12" type="stmt"/>
      <line num="48" count="5" type="stmt"/>
      <line num="49" count="5" type="stmt"/>
      <line num="52" count="5" type="cond" truecount="2" falsecount="0"/>
      <line num="53" count="2" type="cond" truecount="1" falsecount="1"/>
      <line num="54" count="2" type="stmt"/>
      <line num="58" count="3" type="cond" truecount="2" falsecount="0"/>
      <line num="59" count="1" type="stmt"/>
      <line num="60" count="1" type="stmt"/>
      <line num="63" count="2" type="cond" truecount="2" falsecount="0"/>
      <line num="64" count="5" type="cond" truecount="2" falsecount="0"/>
      <line num="65" count="5" type="cond" truecount="2" falsecount="0"/>
      <line num="67" count="2" type="cond" truecount="2" falsecount="0"/>
      <line num="68" count="5" type="stmt"/>
      <line num="69" count="5" type="cond" truecount="2" falsecount="0"/>
      <line num="71" count="2" type="stmt"/>
      <line num="75" count="14" type="stmt"/>
      <line num="76" count="14" type="cond" truecount="1" falsecount="1"/>
      <line num="78" count="14" type="stmt"/>
      <line num="82" count="1" type="stmt"/>
      <line num="84" count="15" type="stmt"/>
      <line num="85" count="15" type="stmt"/>
    </file>
    <file name="utils.ts" path="/Users/gatto/Developer/scaccogatto/smooth-vuebar/src/utils.ts">
      <metrics statements="10" coveredstatements="10" conditionals="2" coveredconditionals="2" methods="5" coveredmethods="5"/>
      <line num="5" count="1" type="stmt"/>
      <line num="6" count="2" type="stmt"/>
      <line num="8" count="90" type="cond" truecount="2" falsecount="0"/>
      <line num="10" count="1" type="stmt"/>
      <line num="11" count="1" type="stmt"/>
      <line num="13" count="1" type="stmt"/>
      <line num="14" count="2" type="stmt"/>
      <line num="16" count="58" type="stmt"/>
      <line num="18" count="1" type="stmt"/>
      <line num="19" count="1" type="stmt"/>
    </file>
  </project>
</coverage>
