{"/Users/gatto/Developer/scaccogatto/smooth-vuebar/src/index.ts": {"path":"/Users/gatto/Developer/scaccogatto/smooth-vuebar/src/index.ts","statementMap":{"0":{"start":{"line":17,"column":6},"end":{"line":17,"column":null}},"1":{"start":{"line":17,"column":55},"end":{"line":17,"column":null}},"2":{"start":{"line":19,"column":6},"end":{"line":32,"column":null}},"3":{"start":{"line":24,"column":16},"end":{"line":24,"column":null}},"4":{"start":{"line":25,"column":24},"end":{"line":25,"column":null}},"5":{"start":{"line":26,"column":20},"end":{"line":26,"column":null}},"6":{"start":{"line":28,"column":19},"end":{"line":28,"column":null}},"7":{"start":{"line":29,"column":2},"end":{"line":29,"column":null}},"8":{"start":{"line":29,"column":16},"end":{"line":29,"column":null}},"9":{"start":{"line":31,"column":2},"end":{"line":31,"column":null}},"10":{"start":{"line":34,"column":6},"end":{"line":80,"column":null}},"11":{"start":{"line":36,"column":52},"end":{"line":80,"column":null}},"12":{"start":{"line":38,"column":4},"end":{"line":38,"column":null}},"13":{"start":{"line":42,"column":4},"end":{"line":42,"column":null}},"14":{"start":{"line":42,"column":35},"end":{"line":42,"column":null}},"15":{"start":{"line":44,"column":4},"end":{"line":44,"column":null}},"16":{"start":{"line":48,"column":22},"end":{"line":48,"column":null}},"17":{"start":{"line":49,"column":21},"end":{"line":49,"column":null}},"18":{"start":{"line":52,"column":4},"end":{"line":55,"column":null}},"19":{"start":{"line":53,"column":6},"end":{"line":53,"column":null}},"20":{"start":{"line":53,"column":21},"end":{"line":53,"column":null}},"21":{"start":{"line":54,"column":6},"end":{"line":54,"column":null}},"22":{"start":{"line":58,"column":4},"end":{"line":61,"column":null}},"23":{"start":{"line":59,"column":6},"end":{"line":59,"column":null}},"24":{"start":{"line":60,"column":6},"end":{"line":60,"column":null}},"25":{"start":{"line":63,"column":21},"end":{"line":63,"column":null}},"26":{"start":{"line":64,"column":24},"end":{"line":64,"column":null}},"27":{"start":{"line":65,"column":4},"end":{"line":65,"column":null}},"28":{"start":{"line":65,"column":21},"end":{"line":65,"column":null}},"29":{"start":{"line":67,"column":18},"end":{"line":67,"column":null}},"30":{"start":{"line":68,"column":21},"end":{"line":68,"column":null}},"31":{"start":{"line":69,"column":4},"end":{"line":69,"column":null}},"32":{"start":{"line":69,"column":18},"end":{"line":69,"column":null}},"33":{"start":{"line":71,"column":4},"end":{"line":71,"column":null}},"34":{"start":{"line":75,"column":22},"end":{"line":75,"column":null}},"35":{"start":{"line":76,"column":4},"end":{"line":76,"column":null}},"36":{"start":{"line":76,"column":19},"end":{"line":76,"column":null}},"37":{"start":{"line":78,"column":4},"end":{"line":78,"column":null}},"38":{"start":{"line":82,"column":21},"end":{"line":87,"column":null}},"39":{"start":{"line":84,"column":4},"end":{"line":84,"column":null}},"40":{"start":{"line":85,"column":4},"end":{"line":85,"column":null}}},"fnMap":{"0":{"name":"(anonymous_0)","decl":{"start":{"line":17,"column":6},"end":{"line":17,"column":20}},"loc":{"start":{"line":17,"column":55},"end":{"line":17,"column":null}},"line":17},"1":{"name":"(anonymous_1)","decl":{"start":{"line":19,"column":6},"end":{"line":19,"column":null}},"loc":{"start":{"line":23,"column":5},"end":{"line":32,"column":null}},"line":23},"2":{"name":"(anonymous_2)","decl":{"start":{"line":34,"column":6},"end":{"line":34,"column":null}},"loc":{"start":{"line":36,"column":52},"end":{"line":80,"column":null}},"line":36},"3":{"name":"beforeMount","decl":{"start":{"line":37,"column":2},"end":{"line":37,"column":14}},"loc":{"start":{"line":37,"column":18},"end":{"line":39,"column":null}},"line":37},"4":{"name":"mounted","decl":{"start":{"line":41,"column":2},"end":{"line":41,"column":10}},"loc":{"start":{"line":41,"column":57},"end":{"line":45,"column":null}},"line":41},"5":{"name":"updated","decl":{"start":{"line":47,"column":2},"end":{"line":47,"column":10}},"loc":{"start":{"line":47,"column":57},"end":{"line":72,"column":null}},"line":47},"6":{"name":"beforeUnmount","decl":{"start":{"line":74,"column":2},"end":{"line":74,"column":16}},"loc":{"start":{"line":74,"column":20},"end":{"line":79,"column":null}},"line":74},"7":{"name":"install","decl":{"start":{"line":83,"column":2},"end":{"line":83,"column":10}},"loc":{"start":{"line":83,"column":57},"end":{"line":86,"column":null}},"line":83}},"branchMap":{"0":{"loc":{"start":{"line":17,"column":55},"end":{"line":17,"column":null}},"type":"binary-expr","locations":[{"start":{"line":17,"column":55},"end":{"line":17,"column":65}},{"start":{"line":17,"column":65},"end":{"line":17,"column":null}}],"line":17},"1":{"loc":{"start":{"line":24,"column":16},"end":{"line":24,"column":null}},"type":"binary-expr","locations":[{"start":{"line":24,"column":16},"end":{"line":24,"column":33}},{"start":{"line":24,"column":33},"end":{"line":24,"column":null}}],"line":24},"2":{"loc":{"start":{"line":29,"column":2},"end":{"line":29,"column":null}},"type":"if","locations":[{"start":{"line":29,"column":2},"end":{"line":29,"column":null}},{"start":{},"end":{}}],"line":29},"3":{"loc":{"start":{"line":42,"column":4},"end":{"line":42,"column":null}},"type":"if","locations":[{"start":{"line":42,"column":4},"end":{"line":42,"column":null}},{"start":{},"end":{}}],"line":42},"4":{"loc":{"start":{"line":52,"column":4},"end":{"line":55,"column":null}},"type":"if","locations":[{"start":{"line":52,"column":4},"end":{"line":55,"column":null}},{"start":{},"end":{}}],"line":52},"5":{"loc":{"start":{"line":53,"column":6},"end":{"line":53,"column":null}},"type":"if","locations":[{"start":{"line":53,"column":6},"end":{"line":53,"column":null}},{"start":{},"end":{}}],"line":53},"6":{"loc":{"start":{"line":58,"column":4},"end":{"line":61,"column":null}},"type":"if","locations":[{"start":{"line":58,"column":4},"end":{"line":61,"column":null}},{"start":{},"end":{}}],"line":58},"7":{"loc":{"start":{"line":63,"column":21},"end":{"line":63,"column":null}},"type":"binary-expr","locations":[{"start":{"line":63,"column":21},"end":{"line":63,"column":41}},{"start":{"line":63,"column":41},"end":{"line":63,"column":null}}],"line":63},"8":{"loc":{"start":{"line":64,"column":38},"end":{"line":64,"column":61}},"type":"binary-expr","locations":[{"start":{"line":64,"column":38},"end":{"line":64,"column":50}},{"start":{"line":64,"column":50},"end":{"line":64,"column":61}}],"line":64},"9":{"loc":{"start":{"line":65,"column":4},"end":{"line":65,"column":null}},"type":"if","locations":[{"start":{"line":65,"column":4},"end":{"line":65,"column":null}},{"start":{},"end":{}}],"line":65},"10":{"loc":{"start":{"line":67,"column":18},"end":{"line":67,"column":null}},"type":"binary-expr","locations":[{"start":{"line":67,"column":18},"end":{"line":67,"column":35}},{"start":{"line":67,"column":35},"end":{"line":67,"column":null}}],"line":67},"11":{"loc":{"start":{"line":69,"column":4},"end":{"line":69,"column":null}},"type":"if","locations":[{"start":{"line":69,"column":4},"end":{"line":69,"column":null}},{"start":{},"end":{}}],"line":69},"12":{"loc":{"start":{"line":76,"column":4},"end":{"line":76,"column":null}},"type":"if","locations":[{"start":{"line":76,"column":4},"end":{"line":76,"column":null}},{"start":{},"end":{}}],"line":76}},"s":{"0":1,"1":19,"2":1,"3":14,"4":14,"5":14,"6":14,"7":14,"8":2,"9":14,"10":1,"11":15,"12":14,"13":14,"14":2,"15":12,"16":5,"17":5,"18":5,"19":2,"20":2,"21":2,"22":3,"23":1,"24":1,"25":2,"26":5,"27":5,"28":1,"29":2,"30":5,"31":5,"32":1,"33":2,"34":14,"35":14,"36":14,"37":14,"38":1,"39":15,"40":15},"f":{"0":19,"1":14,"2":15,"3":14,"4":14,"5":5,"6":14,"7":15},"b":{"0":[19,11],"1":[14,7],"2":[2,12],"3":[2,12],"4":[2,3],"5":[2,0],"6":[1,2],"7":[2,1],"8":[5,1],"9":[1,4],"10":[2,1],"11":[1,4],"12":[14,0]},"meta":{"lastBranch":13,"lastFunction":8,"lastStatement":41,"seen":{"s:17:6:17:Infinity":0,"f:17:6:17:20":0,"s:17:55:17:Infinity":1,"b:17:55:17:65:17:65:17:Infinity":0,"s:19:6:32:Infinity":2,"f:19:6:19:Infinity":1,"s:24:16:24:Infinity":3,"b:24:16:24:33:24:33:24:Infinity":1,"s:25:24:25:Infinity":4,"s:26:20:26:Infinity":5,"s:28:19:28:Infinity":6,"b:29:2:29:Infinity:undefined:undefined:undefined:undefined":2,"s:29:2:29:Infinity":7,"s:29:16:29:Infinity":8,"s:31:2:31:Infinity":9,"s:34:6:80:Infinity":10,"f:34:6:34:Infinity":2,"s:36:52:80:Infinity":11,"f:37:2:37:14":3,"s:38:4:38:Infinity":12,"f:41:2:41:10":4,"b:42:4:42:Infinity:undefined:undefined:undefined:undefined":3,"s:42:4:42:Infinity":13,"s:42:35:42:Infinity":14,"s:44:4:44:Infinity":15,"f:47:2:47:10":5,"s:48:22:48:Infinity":16,"s:49:21:49:Infinity":17,"b:52:4:55:Infinity:undefined:undefined:undefined:undefined":4,"s:52:4:55:Infinity":18,"b:53:6:53:Infinity:undefined:undefined:undefined:undefined":5,"s:53:6:53:Infinity":19,"s:53:21:53:Infinity":20,"s:54:6:54:Infinity":21,"b:58:4:61:Infinity:undefined:undefined:undefined:undefined":6,"s:58:4:61:Infinity":22,"s:59:6:59:Infinity":23,"s:60:6:60:Infinity":24,"s:63:21:63:Infinity":25,"b:63:21:63:41:63:41:63:Infinity":7,"s:64:24:64:Infinity":26,"b:64:38:64:50:64:50:64:61":8,"b:65:4:65:Infinity:undefined:undefined:undefined:undefined":9,"s:65:4:65:Infinity":27,"s:65:21:65:Infinity":28,"s:67:18:67:Infinity":29,"b:67:18:67:35:67:35:67:Infinity":10,"s:68:21:68:Infinity":30,"b:69:4:69:Infinity:undefined:undefined:undefined:undefined":11,"s:69:4:69:Infinity":31,"s:69:18:69:Infinity":32,"s:71:4:71:Infinity":33,"f:74:2:74:16":6,"s:75:22:75:Infinity":34,"b:76:4:76:Infinity:undefined:undefined:undefined:undefined":12,"s:76:4:76:Infinity":35,"s:76:19:76:Infinity":36,"s:78:4:78:Infinity":37,"s:82:21:87:Infinity":38,"f:83:2:83:10":7,"s:84:4:84:Infinity":39,"s:85:4:85:Infinity":40},"fnNames":{}}}
,"/Users/gatto/Developer/scaccogatto/smooth-vuebar/src/utils.ts": {"path":"/Users/gatto/Developer/scaccogatto/smooth-vuebar/src/utils.ts","statementMap":{"0":{"start":{"line":5,"column":6},"end":{"line":8,"column":null}},"1":{"start":{"line":6,"column":45},"end":{"line":8,"column":null}},"2":{"start":{"line":8,"column":4},"end":{"line":8,"column":null}},"3":{"start":{"line":10,"column":23},"end":{"line":10,"column":null}},"4":{"start":{"line":11,"column":24},"end":{"line":11,"column":null}},"5":{"start":{"line":13,"column":6},"end":{"line":16,"column":null}},"6":{"start":{"line":14,"column":6},"end":{"line":16,"column":null}},"7":{"start":{"line":16,"column":4},"end":{"line":16,"column":null}},"8":{"start":{"line":16,"column":40},"end":{"line":16,"column":66}},"9":{"start":{"line":18,"column":28},"end":{"line":18,"column":null}},"10":{"start":{"line":19,"column":27},"end":{"line":19,"column":null}}},"fnMap":{"0":{"name":"(anonymous_0)","decl":{"start":{"line":5,"column":6},"end":{"line":5,"column":null}},"loc":{"start":{"line":6,"column":45},"end":{"line":8,"column":null}},"line":6},"1":{"name":"(anonymous_1)","decl":{"start":{"line":6,"column":45},"end":{"line":6,"column":null}},"loc":{"start":{"line":8,"column":4},"end":{"line":8,"column":null}},"line":8},"2":{"name":"(anonymous_2)","decl":{"start":{"line":13,"column":6},"end":{"line":13,"column":null}},"loc":{"start":{"line":14,"column":6},"end":{"line":16,"column":null}},"line":14},"3":{"name":"(anonymous_3)","decl":{"start":{"line":14,"column":6},"end":{"line":14,"column":null}},"loc":{"start":{"line":16,"column":4},"end":{"line":16,"column":null}},"line":16},"4":{"name":"(anonymous_4)","decl":{"start":{"line":16,"column":28},"end":{"line":16,"column":34}},"loc":{"start":{"line":16,"column":40},"end":{"line":16,"column":66}},"line":16}},"branchMap":{"0":{"loc":{"start":{"line":8,"column":4},"end":{"line":8,"column":null}},"type":"cond-expr","locations":[{"start":{"line":8,"column":18},"end":{"line":8,"column":30}},{"start":{"line":8,"column":30},"end":{"line":8,"column":null}}],"line":8}},"s":{"0":1,"1":2,"2":90,"3":1,"4":1,"5":1,"6":2,"7":32,"8":58,"9":1,"10":1},"f":{"0":2,"1":90,"2":2,"3":32,"4":58},"b":{"0":[65,25]},"meta":{"lastBranch":1,"lastFunction":5,"lastStatement":11,"seen":{"s:5:6:8:Infinity":0,"f:5:6:5:Infinity":0,"s:6:45:8:Infinity":1,"f:6:45:6:Infinity":1,"s:8:4:8:Infinity":2,"b:8:18:8:30:8:30:8:Infinity":0,"s:10:23:10:Infinity":3,"s:11:24:11:Infinity":4,"s:13:6:16:Infinity":5,"f:13:6:13:Infinity":2,"s:14:6:16:Infinity":6,"f:14:6:14:Infinity":3,"s:16:4:16:Infinity":7,"f:16:28:16:34":4,"s:16:40:16:66":8,"s:18:28:18:Infinity":9,"s:19:27:19:Infinity":10},"fnNames":{}}}
}
